<?xml version="1.0" encoding="UTF-8"?>
<!-- Generated by org.testng.reporters.JUnitXMLReporter -->
<testsuite ignored="8" hostname="DESKTOP-14N1F2H" failures="0" tests="3" name="WebTest" time="0.028" errors="0" timestamp="2024-08-14T23:45:36 EDT">
  <testcase classname="com.pro.pages.TestBase" name="@BeforeTest setup" time="-1.72369353618E9">
    <failure type="org.testng.TestNGException" message="
Parameter &amp;apos;browserName&amp;apos; is required by BeforeTest on method setup but has not been marked @Optional or defined
in C:\Users\Manha\eclipse-workspace\MyFirstProject\Runner\AllTheClasstestng.xml">
      <![CDATA[org.testng.TestNGException: 
Parameter 'browserName' is required by BeforeTest on method setup but has not been marked @Optional or defined
in C:\Users\Manha\eclipse-workspace\MyFirstProject\Runner\AllTheClasstestng.xml
... Removed 21 stack frames]]>
    </failure>
  </testcase> <!-- @BeforeTest setup -->
  <testcase classname="com.pro.pages.TestBase" name="@AfterMethod tearDownMethod" time="-1.7236935362E9">
    <skipped/>
  </testcase> <!-- @AfterMethod tearDownMethod -->
  <testcase classname="com.pro.pages.TestBase" name="@AfterMethod tearDownMethod" time="-1.723693536204E9">
    <skipped/>
  </testcase> <!-- @AfterMethod tearDownMethod -->
  <testcase classname="com.pro.pages.TestBase" name="@AfterMethod tearDownMethod" time="-1.723693536206E9">
    <skipped/>
  </testcase> <!-- @AfterMethod tearDownMethod -->
  <testcase classname="com.pro.pages.TestBase" name="@AfterTest Teardown" time="-1.723693536206E9">
    <skipped/>
  </testcase> <!-- @AfterTest Teardown -->
  <testcase classname="com.pro.testcases.AddToCartTest" name="TestAddToCart" time="0.0">
    <skipped/>
  </testcase> <!-- TestAddToCart -->
  <testcase classname="com.pro.testcases.CheckoutTest" name="TestCheckOut" time="0.0">
    <skipped/>
  </testcase> <!-- TestCheckOut -->
  <testcase classname="com.pro.testcases.HomePageTest" name="Testswaglablogin" time="0.0">
    <skipped/>
  </testcase> <!-- Testswaglablogin -->
  <testcase classname="com.pro.pages.TestBase" name="@BeforeTest setup" time="0.0">
    <ignored/>
  </testcase> <!-- @BeforeTest setup -->
  <testcase classname="com.pro.pages.TestBase" name="@BeforeTest setup" time="0.0">
    <ignored/>
  </testcase> <!-- @BeforeTest setup -->
  <testcase classname="com.pro.pages.TestBase" name="@AfterTest Teardown" time="0.0">
    <ignored/>
  </testcase> <!-- @AfterTest Teardown -->
  <testcase classname="com.pro.pages.TestBase" name="@AfterTest Teardown" time="0.0">
    <ignored/>
  </testcase> <!-- @AfterTest Teardown -->
  <testcase classname="com.pro.pages.TestBase" name="@AfterSuite genrateReport" time="0.0">
    <ignored/>
  </testcase> <!-- @AfterSuite genrateReport -->
  <testcase classname="com.pro.pages.TestBase" name="@AfterSuite genrateReport" time="0.0">
    <ignored/>
  </testcase> <!-- @AfterSuite genrateReport -->
  <testcase classname="com.pro.pages.TestBase" name="@BeforeSuite setupSuite" time="0.0">
    <ignored/>
  </testcase> <!-- @BeforeSuite setupSuite -->
  <testcase classname="com.pro.pages.TestBase" name="@BeforeSuite setupSuite" time="0.0">
    <ignored/>
  </testcase> <!-- @BeforeSuite setupSuite -->
</testsuite> <!-- WebTest -->
