<?xml version="1.0" encoding="UTF-8"?>
<!-- Generated by org.testng.reporters.JUnitXMLReporter -->
<testsuite ignored="8" hostname="DESKTOP-14N1F2H" failures="0" tests="3" name="WebTest" time="4.515" errors="0" timestamp="2024-08-14T23:56:49 EDT">
  <testcase classname="com.pro.pages.TestBase" name="@BeforeTest setup" time="4.49">
    <failure type="java.lang.NullPointerException" message="Cannot invoke &amp;quot;String.replaceAll(String, String)&amp;quot; because &amp;quot;x&amp;quot; is null">
      <![CDATA[java.lang.NullPointerException: Cannot invoke "String.replaceAll(String, String)" because "x" is null
at com.aventstack.extentreports.ExtentTest.lambda$assignAuthor$1(ExtentTest.java:1041)
at java.base/java.util.Spliterators$ArraySpliterator.forEachRemaining(Spliterators.java:992)
at java.base/java.util.stream.ReferencePipeline$Head.forEach(ReferencePipeline.java:762)
at com.aventstack.extentreports.ExtentTest.assignAuthor(ExtentTest.java:1040)
at com.pro.pages.TestBase.setup(TestBase.java:91)
... Removed 24 stack frames]]>
    </failure>
  </testcase> <!-- @BeforeTest setup -->
  <testcase classname="com.pro.pages.TestBase" name="@AfterMethod tearDownMethod" time="-1.723694209847E9">
    <skipped/>
  </testcase> <!-- @AfterMethod tearDownMethod -->
  <testcase classname="com.pro.pages.TestBase" name="@AfterMethod tearDownMethod" time="-1.723694209849E9">
    <skipped/>
  </testcase> <!-- @AfterMethod tearDownMethod -->
  <testcase classname="com.pro.pages.TestBase" name="@AfterMethod tearDownMethod" time="-1.723694209851E9">
    <skipped/>
  </testcase> <!-- @AfterMethod tearDownMethod -->
  <testcase classname="com.pro.pages.TestBase" name="@AfterTest Teardown" time="-1.723694209852E9">
    <skipped/>
  </testcase> <!-- @AfterTest Teardown -->
  <testcase classname="com.pro.testcases.HomePageTest" name="Testswaglablogin" time="0.0">
    <skipped/>
  </testcase> <!-- Testswaglablogin -->
  <testcase classname="com.pro.testcases.AddToCartTest" name="TestAddToCart" time="0.0">
    <skipped/>
  </testcase> <!-- TestAddToCart -->
  <testcase classname="com.pro.testcases.CheckoutTest" name="TestCheckOut" time="0.0">
    <skipped/>
  </testcase> <!-- TestCheckOut -->
  <testcase classname="com.pro.pages.TestBase" name="@BeforeTest setup" time="0.0">
    <ignored/>
  </testcase> <!-- @BeforeTest setup -->
  <testcase classname="com.pro.pages.TestBase" name="@BeforeTest setup" time="0.0">
    <ignored/>
  </testcase> <!-- @BeforeTest setup -->
  <testcase classname="com.pro.pages.TestBase" name="@AfterTest Teardown" time="0.0">
    <ignored/>
  </testcase> <!-- @AfterTest Teardown -->
  <testcase classname="com.pro.pages.TestBase" name="@AfterTest Teardown" time="0.0">
    <ignored/>
  </testcase> <!-- @AfterTest Teardown -->
  <testcase classname="com.pro.pages.TestBase" name="@AfterSuite genrateReport" time="0.0">
    <ignored/>
  </testcase> <!-- @AfterSuite genrateReport -->
  <testcase classname="com.pro.pages.TestBase" name="@AfterSuite genrateReport" time="0.0">
    <ignored/>
  </testcase> <!-- @AfterSuite genrateReport -->
  <testcase classname="com.pro.pages.TestBase" name="@BeforeSuite setupSuite" time="0.0">
    <ignored/>
  </testcase> <!-- @BeforeSuite setupSuite -->
  <testcase classname="com.pro.pages.TestBase" name="@BeforeSuite setupSuite" time="0.0">
    <ignored/>
  </testcase> <!-- @BeforeSuite setupSuite -->
</testsuite> <!-- WebTest -->
